"Severity","ThreadID","Date","Time","Application","Message"
"ERROR","web-0","03/30/2011","10:55:48","","Page /api/sync.cfc [/Users/markdrew/Dropbox/Projects/railo/cloudbees/markdrew_railo/webapp/api/sync.cfc] not found
	at railo.runtime.PageSourceImpl.loadPage(PageSourceImpl.java:139):139
	at railo.runtime.PageContextImpl.doInclude(PageContextImpl.java:761):761
	at railo.runtime.listener.ModernAppListener._onRequest(ModernAppListener.java:205):205
	at railo.runtime.listener.MixedAppListener.onRequest(MixedAppListener.java:23):23
	at railo.runtime.PageContextImpl.execute(PageContextImpl.java:1973):1973
	at railo.runtime.engine.CFMLEngineImpl.serviceCFML(CFMLEngineImpl.java:281):281
	at railo.loader.servlet.CFMLServlet.service(CFMLServlet.java:32):32
	at javax.servlet.http.HttpServlet.service(HttpServlet.java:717):717
	at org.apache.catalina.core.ApplicationFilterChain.internalDoFilter(ApplicationFilterChain.java:290):290
	at org.apache.catalina.core.ApplicationFilterChain.doFilter(ApplicationFilterChain.java:206):206
	at org.apache.catalina.core.StandardWrapperValve.invoke(StandardWrapperValve.java:233):233
	at org.apache.catalina.core.StandardContextValve.invoke(StandardContextValve.java:191):191
	at org.apache.catalina.core.StandardHostValve.invoke(StandardHostValve.java:127):127
	at org.apache.catalina.valves.ErrorReportValve.invoke(ErrorReportValve.java:102):102
	at org.apache.catalina.core.StandardEngineValve.invoke(StandardEngineValve.java:109):109
	at net.stax.appserver.webapp.RequestMonitorValve.invoke(RequestMonitorValve.java:35):35
	at net.stax.appserver.webapp.RequestSetupValve.invoke(RequestSetupValve.java:31):31
	at org.apache.catalina.valves.RemoteIpValve.invoke(RemoteIpValve.java:632):632
	at org.apache.catalina.connector.CoyoteAdapter.service(CoyoteAdapter.java:298):298
	at org.apache.coyote.http11.Http11NioProcessor.process(Http11NioProcessor.java:883):883
	at org.apache.coyote.http11.Http11NioProtocol$Http11ConnectionHandler.process(Http11NioProtocol.java:721):721
	at org.apache.tomcat.util.net.NioEndpoint$SocketProcessor.run(NioEndpoint.java:2258):2258
	at java.util.concurrent.ThreadPoolExecutor$Worker.runTask(ThreadPoolExecutor.java:886):886
	at java.util.concurrent.ThreadPoolExecutor$Worker.run(ThreadPoolExecutor.java:908):908
	at java.lang.Thread.run(Thread.java:680):680
"
"ERROR","web-0","03/30/2011","10:55:54","","Page /api/sync.cfc [/Users/markdrew/Dropbox/Projects/railo/cloudbees/markdrew_railo/webapp/api/sync.cfc] not found
	at railo.runtime.PageSourceImpl.loadPage(PageSourceImpl.java:139):139
	at railo.runtime.PageContextImpl.doInclude(PageContextImpl.java:761):761
	at railo.runtime.listener.ModernAppListener._onRequest(ModernAppListener.java:205):205
	at railo.runtime.listener.MixedAppListener.onRequest(MixedAppListener.java:23):23
	at railo.runtime.PageContextImpl.execute(PageContextImpl.java:1973):1973
	at railo.runtime.engine.CFMLEngineImpl.serviceCFML(CFMLEngineImpl.java:281):281
	at railo.loader.servlet.CFMLServlet.service(CFMLServlet.java:32):32
	at javax.servlet.http.HttpServlet.service(HttpServlet.java:717):717
	at org.apache.catalina.core.ApplicationFilterChain.internalDoFilter(ApplicationFilterChain.java:290):290
	at org.apache.catalina.core.ApplicationFilterChain.doFilter(ApplicationFilterChain.java:206):206
	at org.apache.catalina.core.StandardWrapperValve.invoke(StandardWrapperValve.java:233):233
	at org.apache.catalina.core.StandardContextValve.invoke(StandardContextValve.java:191):191
	at org.apache.catalina.core.StandardHostValve.invoke(StandardHostValve.java:127):127
	at org.apache.catalina.valves.ErrorReportValve.invoke(ErrorReportValve.java:102):102
	at org.apache.catalina.core.StandardEngineValve.invoke(StandardEngineValve.java:109):109
	at net.stax.appserver.webapp.RequestMonitorValve.invoke(RequestMonitorValve.java:35):35
	at net.stax.appserver.webapp.RequestSetupValve.invoke(RequestSetupValve.java:31):31
	at org.apache.catalina.valves.RemoteIpValve.invoke(RemoteIpValve.java:632):632
	at org.apache.catalina.connector.CoyoteAdapter.service(CoyoteAdapter.java:298):298
	at org.apache.coyote.http11.Http11NioProcessor.process(Http11NioProcessor.java:883):883
	at org.apache.coyote.http11.Http11NioProtocol$Http11ConnectionHandler.process(Http11NioProtocol.java:721):721
	at org.apache.tomcat.util.net.NioEndpoint$SocketProcessor.run(NioEndpoint.java:2258):2258
	at java.util.concurrent.ThreadPoolExecutor$Worker.runTask(ThreadPoolExecutor.java:886):886
	at java.util.concurrent.ThreadPoolExecutor$Worker.run(ThreadPoolExecutor.java:908):908
	at java.lang.Thread.run(Thread.java:680):680
"
"ERROR","web-0","03/30/2011","10:56:00","","Page /api/sync.cfc [/Users/markdrew/Dropbox/Projects/railo/cloudbees/markdrew_railo/webapp/api/sync.cfc] not found
	at railo.runtime.PageSourceImpl.loadPage(PageSourceImpl.java:139):139
	at railo.runtime.PageContextImpl.doInclude(PageContextImpl.java:761):761
	at railo.runtime.listener.ModernAppListener._onRequest(ModernAppListener.java:205):205
	at railo.runtime.listener.MixedAppListener.onRequest(MixedAppListener.java:23):23
	at railo.runtime.PageContextImpl.execute(PageContextImpl.java:1973):1973
	at railo.runtime.engine.CFMLEngineImpl.serviceCFML(CFMLEngineImpl.java:281):281
	at railo.loader.servlet.CFMLServlet.service(CFMLServlet.java:32):32
	at javax.servlet.http.HttpServlet.service(HttpServlet.java:717):717
	at org.apache.catalina.core.ApplicationFilterChain.internalDoFilter(ApplicationFilterChain.java:290):290
	at org.apache.catalina.core.ApplicationFilterChain.doFilter(ApplicationFilterChain.java:206):206
	at org.apache.catalina.core.StandardWrapperValve.invoke(StandardWrapperValve.java:233):233
	at org.apache.catalina.core.StandardContextValve.invoke(StandardContextValve.java:191):191
	at org.apache.catalina.core.StandardHostValve.invoke(StandardHostValve.java:127):127
	at org.apache.catalina.valves.ErrorReportValve.invoke(ErrorReportValve.java:102):102
	at org.apache.catalina.core.StandardEngineValve.invoke(StandardEngineValve.java:109):109
	at net.stax.appserver.webapp.RequestMonitorValve.invoke(RequestMonitorValve.java:35):35
	at net.stax.appserver.webapp.RequestSetupValve.invoke(RequestSetupValve.java:31):31
	at org.apache.catalina.valves.RemoteIpValve.invoke(RemoteIpValve.java:632):632
	at org.apache.catalina.connector.CoyoteAdapter.service(CoyoteAdapter.java:298):298
	at org.apache.coyote.http11.Http11NioProcessor.process(Http11NioProcessor.java:883):883
	at org.apache.coyote.http11.Http11NioProtocol$Http11ConnectionHandler.process(Http11NioProtocol.java:721):721
	at org.apache.tomcat.util.net.NioEndpoint$SocketProcessor.run(NioEndpoint.java:2258):2258
	at java.util.concurrent.ThreadPoolExecutor$Worker.runTask(ThreadPoolExecutor.java:886):886
	at java.util.concurrent.ThreadPoolExecutor$Worker.run(ThreadPoolExecutor.java:908):908
	at java.lang.Thread.run(Thread.java:680):680
"
"ERROR","web-0","03/30/2011","10:56:06","","Page /api/sync.cfc [/Users/markdrew/Dropbox/Projects/railo/cloudbees/markdrew_railo/webapp/api/sync.cfc] not found
	at railo.runtime.PageSourceImpl.loadPage(PageSourceImpl.java:139):139
	at railo.runtime.PageContextImpl.doInclude(PageContextImpl.java:761):761
	at railo.runtime.listener.ModernAppListener._onRequest(ModernAppListener.java:205):205
	at railo.runtime.listener.MixedAppListener.onRequest(MixedAppListener.java:23):23
	at railo.runtime.PageContextImpl.execute(PageContextImpl.java:1973):1973
	at railo.runtime.engine.CFMLEngineImpl.serviceCFML(CFMLEngineImpl.java:281):281
	at railo.loader.servlet.CFMLServlet.service(CFMLServlet.java:32):32
	at javax.servlet.http.HttpServlet.service(HttpServlet.java:717):717
	at org.apache.catalina.core.ApplicationFilterChain.internalDoFilter(ApplicationFilterChain.java:290):290
	at org.apache.catalina.core.ApplicationFilterChain.doFilter(ApplicationFilterChain.java:206):206
	at org.apache.catalina.core.StandardWrapperValve.invoke(StandardWrapperValve.java:233):233
	at org.apache.catalina.core.StandardContextValve.invoke(StandardContextValve.java:191):191
	at org.apache.catalina.core.StandardHostValve.invoke(StandardHostValve.java:127):127
	at org.apache.catalina.valves.ErrorReportValve.invoke(ErrorReportValve.java:102):102
	at org.apache.catalina.core.StandardEngineValve.invoke(StandardEngineValve.java:109):109
	at net.stax.appserver.webapp.RequestMonitorValve.invoke(RequestMonitorValve.java:35):35
	at net.stax.appserver.webapp.RequestSetupValve.invoke(RequestSetupValve.java:31):31
	at org.apache.catalina.valves.RemoteIpValve.invoke(RemoteIpValve.java:632):632
	at org.apache.catalina.connector.CoyoteAdapter.service(CoyoteAdapter.java:298):298
	at org.apache.coyote.http11.Http11NioProcessor.process(Http11NioProcessor.java:883):883
	at org.apache.coyote.http11.Http11NioProtocol$Http11ConnectionHandler.process(Http11NioProtocol.java:721):721
	at org.apache.tomcat.util.net.NioEndpoint$SocketProcessor.run(NioEndpoint.java:2258):2258
	at java.util.concurrent.ThreadPoolExecutor$Worker.runTask(ThreadPoolExecutor.java:886):886
	at java.util.concurrent.ThreadPoolExecutor$Worker.run(ThreadPoolExecutor.java:908):908
	at java.lang.Thread.run(Thread.java:680):680
"
"ERROR","web-0","03/30/2011","10:56:13","","Page /api/sync.cfc [/Users/markdrew/Dropbox/Projects/railo/cloudbees/markdrew_railo/webapp/api/sync.cfc] not found
	at railo.runtime.PageSourceImpl.loadPage(PageSourceImpl.java:139):139
	at railo.runtime.PageContextImpl.doInclude(PageContextImpl.java:761):761
	at railo.runtime.listener.ModernAppListener._onRequest(ModernAppListener.java:205):205
	at railo.runtime.listener.MixedAppListener.onRequest(MixedAppListener.java:23):23
	at railo.runtime.PageContextImpl.execute(PageContextImpl.java:1973):1973
	at railo.runtime.engine.CFMLEngineImpl.serviceCFML(CFMLEngineImpl.java:281):281
	at railo.loader.servlet.CFMLServlet.service(CFMLServlet.java:32):32
	at javax.servlet.http.HttpServlet.service(HttpServlet.java:717):717
	at org.apache.catalina.core.ApplicationFilterChain.internalDoFilter(ApplicationFilterChain.java:290):290
	at org.apache.catalina.core.ApplicationFilterChain.doFilter(ApplicationFilterChain.java:206):206
	at org.apache.catalina.core.StandardWrapperValve.invoke(StandardWrapperValve.java:233):233
	at org.apache.catalina.core.StandardContextValve.invoke(StandardContextValve.java:191):191
	at org.apache.catalina.core.StandardHostValve.invoke(StandardHostValve.java:127):127
	at org.apache.catalina.valves.ErrorReportValve.invoke(ErrorReportValve.java:102):102
	at org.apache.catalina.core.StandardEngineValve.invoke(StandardEngineValve.java:109):109
	at net.stax.appserver.webapp.RequestMonitorValve.invoke(RequestMonitorValve.java:35):35
	at net.stax.appserver.webapp.RequestSetupValve.invoke(RequestSetupValve.java:31):31
	at org.apache.catalina.valves.RemoteIpValve.invoke(RemoteIpValve.java:632):632
	at org.apache.catalina.connector.CoyoteAdapter.service(CoyoteAdapter.java:298):298
	at org.apache.coyote.http11.Http11NioProcessor.process(Http11NioProcessor.java:883):883
	at org.apache.coyote.http11.Http11NioProtocol$Http11ConnectionHandler.process(Http11NioProtocol.java:721):721
	at org.apache.tomcat.util.net.NioEndpoint$SocketProcessor.run(NioEndpoint.java:2258):2258
	at java.util.concurrent.ThreadPoolExecutor$Worker.runTask(ThreadPoolExecutor.java:886):886
	at java.util.concurrent.ThreadPoolExecutor$Worker.run(ThreadPoolExecutor.java:908):908
	at java.lang.Thread.run(Thread.java:680):680
"
"ERROR","web-0","03/30/2011","10:56:18","","Page /api/sync.cfc [/Users/markdrew/Dropbox/Projects/railo/cloudbees/markdrew_railo/webapp/api/sync.cfc] not found
	at railo.runtime.PageSourceImpl.loadPage(PageSourceImpl.java:139):139
	at railo.runtime.PageContextImpl.doInclude(PageContextImpl.java:761):761
	at railo.runtime.listener.ModernAppListener._onRequest(ModernAppListener.java:205):205
	at railo.runtime.listener.MixedAppListener.onRequest(MixedAppListener.java:23):23
	at railo.runtime.PageContextImpl.execute(PageContextImpl.java:1973):1973
	at railo.runtime.engine.CFMLEngineImpl.serviceCFML(CFMLEngineImpl.java:281):281
	at railo.loader.servlet.CFMLServlet.service(CFMLServlet.java:32):32
	at javax.servlet.http.HttpServlet.service(HttpServlet.java:717):717
	at org.apache.catalina.core.ApplicationFilterChain.internalDoFilter(ApplicationFilterChain.java:290):290
	at org.apache.catalina.core.ApplicationFilterChain.doFilter(ApplicationFilterChain.java:206):206
	at org.apache.catalina.core.StandardWrapperValve.invoke(StandardWrapperValve.java:233):233
	at org.apache.catalina.core.StandardContextValve.invoke(StandardContextValve.java:191):191
	at org.apache.catalina.core.StandardHostValve.invoke(StandardHostValve.java:127):127
	at org.apache.catalina.valves.ErrorReportValve.invoke(ErrorReportValve.java:102):102
	at org.apache.catalina.core.StandardEngineValve.invoke(StandardEngineValve.java:109):109
	at net.stax.appserver.webapp.RequestMonitorValve.invoke(RequestMonitorValve.java:35):35
	at net.stax.appserver.webapp.RequestSetupValve.invoke(RequestSetupValve.java:31):31
	at org.apache.catalina.valves.RemoteIpValve.invoke(RemoteIpValve.java:632):632
	at org.apache.catalina.connector.CoyoteAdapter.service(CoyoteAdapter.java:298):298
	at org.apache.coyote.http11.Http11NioProcessor.process(Http11NioProcessor.java:883):883
	at org.apache.coyote.http11.Http11NioProtocol$Http11ConnectionHandler.process(Http11NioProtocol.java:721):721
	at org.apache.tomcat.util.net.NioEndpoint$SocketProcessor.run(NioEndpoint.java:2258):2258
	at java.util.concurrent.ThreadPoolExecutor$Worker.runTask(ThreadPoolExecutor.java:886):886
	at java.util.concurrent.ThreadPoolExecutor$Worker.run(ThreadPoolExecutor.java:908):908
	at java.lang.Thread.run(Thread.java:680):680
"
"ERROR","web-0","03/30/2011","10:56:24","","Page /api/sync.cfc [/Users/markdrew/Dropbox/Projects/railo/cloudbees/markdrew_railo/webapp/api/sync.cfc] not found
	at railo.runtime.PageSourceImpl.loadPage(PageSourceImpl.java:139):139
	at railo.runtime.PageContextImpl.doInclude(PageContextImpl.java:761):761
	at railo.runtime.listener.ModernAppListener._onRequest(ModernAppListener.java:205):205
	at railo.runtime.listener.MixedAppListener.onRequest(MixedAppListener.java:23):23
	at railo.runtime.PageContextImpl.execute(PageContextImpl.java:1973):1973
	at railo.runtime.engine.CFMLEngineImpl.serviceCFML(CFMLEngineImpl.java:281):281
	at railo.loader.servlet.CFMLServlet.service(CFMLServlet.java:32):32
	at javax.servlet.http.HttpServlet.service(HttpServlet.java:717):717
	at org.apache.catalina.core.ApplicationFilterChain.internalDoFilter(ApplicationFilterChain.java:290):290
	at org.apache.catalina.core.ApplicationFilterChain.doFilter(ApplicationFilterChain.java:206):206
	at org.apache.catalina.core.StandardWrapperValve.invoke(StandardWrapperValve.java:233):233
	at org.apache.catalina.core.StandardContextValve.invoke(StandardContextValve.java:191):191
	at org.apache.catalina.core.StandardHostValve.invoke(StandardHostValve.java:127):127
	at org.apache.catalina.valves.ErrorReportValve.invoke(ErrorReportValve.java:102):102
	at org.apache.catalina.core.StandardEngineValve.invoke(StandardEngineValve.java:109):109
	at net.stax.appserver.webapp.RequestMonitorValve.invoke(RequestMonitorValve.java:35):35
	at net.stax.appserver.webapp.RequestSetupValve.invoke(RequestSetupValve.java:31):31
	at org.apache.catalina.valves.RemoteIpValve.invoke(RemoteIpValve.java:632):632
	at org.apache.catalina.connector.CoyoteAdapter.service(CoyoteAdapter.java:298):298
	at org.apache.coyote.http11.Http11NioProcessor.process(Http11NioProcessor.java:883):883
	at org.apache.coyote.http11.Http11NioProtocol$Http11ConnectionHandler.process(Http11NioProtocol.java:721):721
	at org.apache.tomcat.util.net.NioEndpoint$SocketProcessor.run(NioEndpoint.java:2258):2258
	at java.util.concurrent.ThreadPoolExecutor$Worker.runTask(ThreadPoolExecutor.java:886):886
	at java.util.concurrent.ThreadPoolExecutor$Worker.run(ThreadPoolExecutor.java:908):908
	at java.lang.Thread.run(Thread.java:680):680
"
